<?xml version="1.0" encoding="UTF-8"?>
<!-- Generated by org.testng.reporters.JUnitReportReporter -->
<testsuite hostname="DESKTOP-5QPL10C" failures="0" tests="1" name="selenium_jenkins_exercise2.ForgotPass" time="19.125" errors="0" timestamp="2023-12-27T15:10:42 IST" skipped="0">
  <testcase classname="selenium_jenkins_exercise2.ForgotPass" name="verifyLogin" time="19.125"/>
  <system-out/>
</testsuite> <!-- selenium_jenkins_exercise2.ForgotPass -->
